Using pre-set license
Built from '2020.3/staging' branch; Version is '2020.3.26f1 (7298b473bc1a) revision 7510196'; Using compiler version '192528614'; Build Type 'Release'
OS: 'Windows 11  (10.0.22000) 64bit Professional' Language: 'ko' Physical Memory: 16239 MB
BatchMode: 1, IsHumanControllingUs: 0, StartBugReporterOnCrash: 0, Is64bit: 1, IsPro: 0

COMMAND LINE ARGUMENTS:
C:\Program Files\Unity\Hub\Editor\2020.3.26f1\Editor\Unity.exe
-adb2
-batchMode
-noUpm
-name
AssetImportWorker0
-projectPath
C:/Users/min/Documents/GitHub/GURU1_team11
-logFile
Logs/AssetImportWorker0.log
-srvPort
59366
Successfully changed project path to: C:/Users/min/Documents/GitHub/GURU1_team11
C:/Users/min/Documents/GitHub/GURU1_team11
Using Asset Import Pipeline V2.
Refreshing native plugins compatible for Editor in 54.07 ms, found 2 plugins.
Preloading 0 native plugins for Editor in 0.00 ms.
Initialize engine version: 2020.3.26f1 (7298b473bc1a)
[Subsystems] Discovering subsystems at path C:/Program Files/Unity/Hub/Editor/2020.3.26f1/Editor/Data/Resources/UnitySubsystems
[Subsystems] Discovering subsystems at path C:/Users/min/Documents/GitHub/GURU1_team11/Assets
GfxDevice: creating device client; threaded=0
Direct3D:
    Version:  Direct3D 11.0 [level 11.1]
    Renderer: NVIDIA GeForce GTX 1060 (ID=0x1c20)
    Vendor:   
    VRAM:     6052 MB
    Driver:   27.21.14.5167
Initialize mono
Mono path[0] = 'C:/Program Files/Unity/Hub/Editor/2020.3.26f1/Editor/Data/Managed'
Mono path[1] = 'C:/Program Files/Unity/Hub/Editor/2020.3.26f1/Editor/Data/MonoBleedingEdge/lib/mono/unityjit'
Mono config path = 'C:/Program Files/Unity/Hub/Editor/2020.3.26f1/Editor/Data/MonoBleedingEdge/etc'
Using monoOptions --debugger-agent=transport=dt_socket,embedding=1,server=y,suspend=n,address=127.0.0.1:56148
Begin MonoManager ReloadAssembly
Registering precompiled unity dll's ...
Register platform support module: C:/Program Files/Unity/Hub/Editor/2020.3.26f1/Editor/Data/PlaybackEngines/WindowsStandaloneSupport/UnityEditor.WindowsStandalone.Extensions.dll
Registered in 0.002309 seconds.
Native extension for WindowsStandalone target not found
Refreshing native plugins compatible for Editor in 31.15 ms, found 2 plugins.
Preloading 0 native plugins for Editor in 0.00 ms.
Mono: successfully reloaded assembly
- Completed reload, in  0.623 seconds
Domain Reload Profiling:
	ReloadAssembly (623ms)
		BeginReloadAssembly (70ms)
			ExecutionOrderSort (0ms)
			DisableScriptedObjects (0ms)
			BackupInstance (0ms)
			ReleaseScriptingObjects (0ms)
			CreateAndSetChildDomain (1ms)
		EndReloadAssembly (472ms)
			LoadAssemblies (67ms)
			RebuildTransferFunctionScriptingTraits (0ms)
			SetupTypeCache (173ms)
			ReleaseScriptCaches (0ms)
			RebuildScriptCaches (34ms)
			SetupLoadedEditorAssemblies (158ms)
				LogAssemblyErrors (0ms)
				InitializePlatformSupportModulesInManaged (4ms)
				SetLoadedEditorAssemblies (0ms)
				RefreshPlugins (31ms)
				BeforeProcessingInitializeOnLoad (8ms)
				ProcessInitializeOnLoadAttributes (85ms)
				ProcessInitializeOnLoadMethodAttributes (30ms)
				AfterProcessingInitializeOnLoad (0ms)
				EditorAssembliesLoaded (0ms)
			ExecutionOrderSort2 (0ms)
			AwakeInstancesAfterBackupRestoration (0ms)
Platform modules already initialized, skipping
Registering precompiled user dll's ...
Registered in 0.006305 seconds.
Begin MonoManager ReloadAssembly
Native extension for WindowsStandalone target not found
Refreshing native plugins compatible for Editor in 0.43 ms, found 2 plugins.
Preloading 0 native plugins for Editor in 0.00 ms.
Mono: successfully reloaded assembly
- Completed reload, in  1.110 seconds
Domain Reload Profiling:
	ReloadAssembly (1111ms)
		BeginReloadAssembly (162ms)
			ExecutionOrderSort (0ms)
			DisableScriptedObjects (5ms)
			BackupInstance (0ms)
			ReleaseScriptingObjects (0ms)
			CreateAndSetChildDomain (20ms)
		EndReloadAssembly (884ms)
			LoadAssemblies (101ms)
			RebuildTransferFunctionScriptingTraits (0ms)
			SetupTypeCache (327ms)
			ReleaseScriptCaches (1ms)
			RebuildScriptCaches (58ms)
			SetupLoadedEditorAssemblies (287ms)
				LogAssemblyErrors (0ms)
				InitializePlatformSupportModulesInManaged (5ms)
				SetLoadedEditorAssemblies (0ms)
				RefreshPlugins (0ms)
				BeforeProcessingInitializeOnLoad (61ms)
				ProcessInitializeOnLoadAttributes (203ms)
				ProcessInitializeOnLoadMethodAttributes (10ms)
				AfterProcessingInitializeOnLoad (7ms)
				EditorAssembliesLoaded (0ms)
			ExecutionOrderSort2 (0ms)
			AwakeInstancesAfterBackupRestoration (6ms)
Platform modules already initialized, skipping
========================================================================
Worker process is ready to serve import requests
Launched and connected shader compiler UnityShaderCompiler.exe after 0.12 seconds
Refreshing native plugins compatible for Editor in 0.46 ms, found 2 plugins.
Preloading 0 native plugins for Editor in 0.00 ms.
Unloading 1560 Unused Serialized files (Serialized files now loaded: 0)
System memory in use before: 70.2 MB.
System memory in use after: 70.2 MB.

Unloading 19 unused Assets to reduce memory usage. Loaded Objects now: 1990.
Total: 4.443500 ms (FindLiveObjects: 0.188900 ms CreateObjectMapping: 0.073200 ms MarkObjects: 4.080500 ms  DeleteObjects: 0.099500 ms)

AssetImportParameters requested are different than current active one (requested -> active):
  custom:framework-win-MediaFoundation: 216162199b28c13a410421893ffa2e32 -> 
  custom:video-decoder-ogg-theora: a1e56fd34408186e4bbccfd4996cb3dc -> 
  custom:container-muxer-webm: aa71ff27fc2769a1b78a27578f13a17b -> 
  custom:container-demuxer-webm: 4f35f7cbe854078d1ac9338744f61a02 -> 
  custom:container-demuxer-ogg: 62fdf1f143b41e24485cea50d1cbac27 -> 
  custom:video-encoder-webm-vp8: eb34c28f22e8b96e1ab97ce403110664 -> 
  custom:video-decoder-webm-vp8: 9c59270c3fd7afecdb556c50c9e8de78 -> 
  custom:audio-decoder-ogg-vorbis: bf7c407c2cedff20999df2af8eb42d56 -> 
  custom:audio-encoder-webm-vorbis: bf7c407c2cedff20999df2af8eb42d56 -> 
========================================================================
Received Import Request.
  path: Assets/TopDown 2D RPG BE3/Readme.asset
  artifactKey: Guid(4ff280a9fdc784d46beb69b6da783245) Importer(815301076,1909f56bfc062723c751e8b465ee728b)
Start importing Assets/TopDown 2D RPG BE3/Readme.asset using Guid(4ff280a9fdc784d46beb69b6da783245) Importer(815301076,1909f56bfc062723c751e8b465ee728b)  -> (artifact id: 'b59de4685eeb2979ea2a1f367259aaae') in 0.041077 seconds 
  Import took 0.044387 seconds .

========================================================================
Received Import Request.
  Time since last request: 0.000385 seconds.
  path: Assets/TopDown 2D RPG BE3/App Icon.png
  artifactKey: Guid(e15a0aaf619d8aa429bd091186fb29a2) Importer(815301076,1909f56bfc062723c751e8b465ee728b)
Start importing Assets/TopDown 2D RPG BE3/App Icon.png using Guid(e15a0aaf619d8aa429bd091186fb29a2) Importer(815301076,1909f56bfc062723c751e8b465ee728b)  -> (artifact id: 'ee46d244424f960bf938aa8ec2dc3c83') in 0.208118 seconds 
  Import took 0.211538 seconds .

========================================================================
Received Import Request.
  Time since last request: 3.526824 seconds.
  path: Assets/Scenes/ClickToStart.unity
  artifactKey: Guid(6e29e234b77bab049af2944495adba64) Importer(815301076,1909f56bfc062723c751e8b465ee728b)
Start importing Assets/Scenes/ClickToStart.unity using Guid(6e29e234b77bab049af2944495adba64) Importer(815301076,1909f56bfc062723c751e8b465ee728b)  -> (artifact id: 'af58cf2d1e7eb0fa9e715875a363116e') in 0.015816 seconds 
  Import took 0.019273 seconds .

========================================================================
Received Import Request.
  Time since last request: 1.874483 seconds.
  path: Assets/Scenes/SaveLoad.unity
  artifactKey: Guid(6112b0d2eb3202048b14897130846628) Importer(815301076,1909f56bfc062723c751e8b465ee728b)
Start importing Assets/Scenes/SaveLoad.unity using Guid(6112b0d2eb3202048b14897130846628) Importer(815301076,1909f56bfc062723c751e8b465ee728b)  -> (artifact id: 'd419841502d66409b03b0985382141ed') in 0.017322 seconds 
  Import took 0.020413 seconds .

========================================================================
Received Import Request.
  Time since last request: 1.004418 seconds.
  path: Assets/Scenes/Main.unity
  artifactKey: Guid(9ef2d97112f51fe498cb9adacf50cbcd) Importer(815301076,1909f56bfc062723c751e8b465ee728b)
Start importing Assets/Scenes/Main.unity using Guid(9ef2d97112f51fe498cb9adacf50cbcd) Importer(815301076,1909f56bfc062723c751e8b465ee728b)  -> (artifact id: '916f5c023d850cae6bc8ed4f166d62f0') in 0.015484 seconds 
  Import took 0.018682 seconds .

========================================================================
Received Import Request.
  Time since last request: 0.580947 seconds.
  path: Assets/Scenes/Maze.unity
  artifactKey: Guid(f7a6f9220c925ab42920688b8b906e3e) Importer(815301076,1909f56bfc062723c751e8b465ee728b)
Start importing Assets/Scenes/Maze.unity using Guid(f7a6f9220c925ab42920688b8b906e3e) Importer(815301076,1909f56bfc062723c751e8b465ee728b)  -> (artifact id: '11c4467df195cd52c67a1cf2b8a3d279') in 0.016838 seconds 
  Import took 0.021314 seconds .

========================================================================
Received Import Request.
  Time since last request: 0.521521 seconds.
  path: Assets/Scenes/Place1.unity
  artifactKey: Guid(a9bbffb1f4b3e644e9b2e9bceccb16f8) Importer(815301076,1909f56bfc062723c751e8b465ee728b)
Start importing Assets/Scenes/Place1.unity using Guid(a9bbffb1f4b3e644e9b2e9bceccb16f8) Importer(815301076,1909f56bfc062723c751e8b465ee728b)  -> (artifact id: '9785a2f8d28e2b841fc32f3c7b19b1cf') in 0.012739 seconds 
  Import took 0.015463 seconds .

========================================================================
Received Import Request.
  Time since last request: 0.640564 seconds.
  path: Assets/Scenes/SampleScene.unity
  artifactKey: Guid(ac9a52b4b6c51c64887a7ef12ae5211a) Importer(815301076,1909f56bfc062723c751e8b465ee728b)
Start importing Assets/Scenes/SampleScene.unity using Guid(ac9a52b4b6c51c64887a7ef12ae5211a) Importer(815301076,1909f56bfc062723c751e8b465ee728b)  -> (artifact id: '89de2702652d882461065994dee5f922') in 0.013969 seconds 
  Import took 0.017403 seconds .

========================================================================
Received Import Request.
  Time since last request: 0.689068 seconds.
  path: Assets/Scenes/Start.unity
  artifactKey: Guid(cb7722ae229564f4bb81792035f60ee5) Importer(815301076,1909f56bfc062723c751e8b465ee728b)
Start importing Assets/Scenes/Start.unity using Guid(cb7722ae229564f4bb81792035f60ee5) Importer(815301076,1909f56bfc062723c751e8b465ee728b)  -> (artifact id: 'd4d3fd0dcc42a08a289e023db4f10248') in 0.016637 seconds 
  Import took 0.021064 seconds .

========================================================================
Received Import Request.
  Time since last request: 0.497215 seconds.
  path: Assets/Scenes/SeaGame.unity
  artifactKey: Guid(e1eacaa5dca1cc642a84ad8e7509d1ff) Importer(815301076,1909f56bfc062723c751e8b465ee728b)
Start importing Assets/Scenes/SeaGame.unity using Guid(e1eacaa5dca1cc642a84ad8e7509d1ff) Importer(815301076,1909f56bfc062723c751e8b465ee728b)  -> (artifact id: '768ee5a4b35607766e4ca17f3be13c0f') in 0.012723 seconds 
  Import took 0.016482 seconds .

AssetImportWorkerClient::OnTransportError - code=2 error=End of file
